<?xml version="1.0" encoding="UTF-8"?>
<testng-results ignored="0" total="1" passed="1" failed="0" skipped="0">
  <reporter-output>
    <line>
      <![CDATA[username]]>
    </line>
  </reporter-output>
  <suite started-at="2022-09-24T13:32:30 IST" name="Default suite" finished-at="2022-09-24T13:32:38 IST" duration-ms="7705">
    <groups>
    </groups>
    <test started-at="2022-09-24T13:32:30 IST" name="Default test" finished-at="2022-09-24T13:32:38 IST" duration-ms="7705">
      <class name="TestCase.Login_AngelOne_TestCase">
        <test-method is-config="true" signature="setup()[pri:0, instance:TestCase.Login_AngelOne_TestCase@1ddf84b8]" started-at="2022-09-24T13:32:30 IST" name="setup" finished-at="2022-09-24T13:32:34 IST" duration-ms="4289" status="PASS">
          <reporter-output>
          </reporter-output>
        </test-method> <!-- setup -->
        <test-method signature="TestCase()[pri:0, instance:TestCase.Login_AngelOne_TestCase@1ddf84b8]" started-at="2022-09-24T13:32:34 IST" name="TestCase" finished-at="2022-09-24T13:32:38 IST" duration-ms="3392" status="PASS">
          <reporter-output>
            <line>
              <![CDATA[username]]>
            </line>
          </reporter-output>
        </test-method> <!-- TestCase -->
      </class> <!-- TestCase.Login_AngelOne_TestCase -->
    </test> <!-- Default test -->
  </suite> <!-- Default suite -->
</testng-results>
